TN:
SF:index.js
FN:1,(anonymous_0)
FNF:1
FNH:1
FNDA:75,(anonymous_0)
DA:1,3
DA:2,75
DA:8,9
DA:10,66
DA:11,2
DA:14,64
DA:16,64
DA:18,64
DA:19,64
DA:20,20344
DA:21,20328
DA:22,140
DA:23,20188
DA:29,20173
DA:31,6
DA:33,20167
DA:35,20328
DA:37,16
DA:40,64
LF:19
LH:19
BRDA:2,0,0,9
BRDA:2,0,1,66
BRDA:3,1,0,75
BRDA:3,1,1,74
BRDA:3,1,2,73
BRDA:3,1,3,72
BRDA:3,1,4,72
BRDA:3,1,5,72
BRDA:3,1,6,69
BRDA:3,1,7,66
BRDA:10,2,0,2
BRDA:10,2,1,64
BRDA:20,3,0,20328
BRDA:20,3,1,16
BRDA:21,4,0,140
BRDA:21,4,1,20188
BRDA:23,5,0,15
BRDA:23,5,1,20173
BRDA:23,6,0,20188
BRDA:23,6,1,17
BRDA:29,7,0,6
BRDA:29,7,1,20167
BRF:22
BRH:22
end_of_record
